[2023-01-11 11:17:00] START
[2023-01-11 11:19:00] EDIT projeto/controllers/default.py: -1
[2023-01-11 11:19:07] EDIT projeto/controllers/default.py: 0
[2023-01-11 11:19:46] EDIT projeto/views/default/index.html: -45
[2023-01-11 11:20:26] EDIT projeto/views/default/index.html: 3
[2023-01-11 11:20:41] EDIT projeto/controllers/default.py: 0
[2023-01-11 11:21:03] EDIT projeto/controllers/default.py: 0
[2023-01-11 11:21:03] EDIT projeto/controllers/default.py: 0
[2023-01-11 11:21:21] EDIT projeto/views/default/index.html: 0
[2023-01-11 11:21:32] EDIT projeto/views/default/index.html: 0
[2023-01-11 11:21:32] EDIT projeto/views/default/index.html: 0
[2023-01-11 11:21:43] EDIT projeto/controllers/default.py: 0
[2023-01-11 11:22:36] EDIT projeto/controllers/default.py: 4
[2023-01-11 11:22:57] CREATE default/first.html: 0
[2023-01-11 11:23:18] CREATE default/second.html: 0
[2023-01-11 11:23:48] EDIT projeto/views/default/first.html: -1
[2023-01-11 11:23:54] EDIT projeto/views/default/second.html: -1
[2023-01-11 11:24:04] EDIT projeto/views/default/second.html: 0
[2023-01-11 11:24:08] EDIT projeto/views/default/first.html: 0
[2023-01-11 11:24:08] EDIT projeto/views/default/first.html: 0
[2023-01-11 11:24:15] EDIT projeto/controllers/default.py: -4
[2023-01-11 11:24:15] EDIT projeto/controllers/default.py: 0
[2023-01-11 11:25:12] EDIT projeto/views/default/second.html: 0
[2023-01-11 11:25:22] EDIT projeto/views/default/first.html: 5
[2023-01-11 11:25:23] EDIT projeto/views/default/first.html: 0
[2023-01-11 11:25:26] EDIT projeto/views/default/first.html: -1
[2023-01-11 11:25:43] EDIT projeto/controllers/default.py: 4
[2023-01-11 11:25:43] EDIT projeto/controllers/default.py: 0
[2023-01-11 11:26:08] EDIT projeto/controllers/default.py: 0
[2023-01-11 11:26:19] EDIT projeto/controllers/default.py: 0
[2023-01-11 11:26:30] EDIT projeto/views/default/first.html: -4
[2023-01-11 11:26:30] EDIT projeto/views/default/first.html: 0
[2023-01-11 11:27:32] EDIT projeto/views/default/first.html: 3
[2023-01-11 11:28:11] EDIT projeto/views/default/second.html: 2
[2023-01-11 11:28:12] EDIT projeto/views/default/second.html: 0
[2023-01-11 11:30:11] EDIT projeto/controllers/default.py: 3
[2023-01-11 11:30:19] EDIT projeto/controllers/default.py: 0
[2023-01-11 11:30:29] EDIT projeto/views/default/first.html: -3
[2023-01-11 11:30:44] EDIT projeto/views/default/first.html: 0
[2023-01-11 11:31:44] EDIT projeto/controllers/default.py: 2
[2023-01-11 11:32:14] EDIT projeto/controllers/default.py: 1
[2023-01-11 11:32:17] EDIT projeto/controllers/default.py: 0
[2023-01-11 11:32:49] EDIT projeto/views/default/second.html: 0
[2023-01-11 11:33:22] EDIT projeto/controllers/default.py: 2
[2023-01-11 11:40:31] CREATE default/controlador/acao.html: 0
[2023-01-11 11:40:44] EDIT projeto/views/default/controlador/acao.html: -1
[2023-01-11 11:40:44] EDIT projeto/views/default/controlador/acao.html: 0
[2023-01-11 11:40:45] EDIT projeto/views/default/controlador/acao.html: 0
[2023-01-11 11:41:34] EDIT projeto/views/default/controlador/acao.html: 0
[2023-01-11 11:42:44] DELETE projeto/views/default/controlador/acao.html: -2
[2023-01-11 11:42:59] CREATE controlador/acao.html: 0
[2023-01-11 11:43:16] CREATE controlador.py: 0
[2023-01-11 11:43:53] EDIT projeto/controllers/controlador.py: 1
[2023-01-11 11:44:23] EDIT projeto/controllers/controlador.py: 1
[2023-01-11 11:44:45] EDIT projeto/controllers/controlador.py: 0
[2023-01-11 11:45:33] EDIT projeto/controllers/controlador.py: 2
[2023-01-11 11:46:34] EDIT projeto/controllers/controlador.py: 0
[2023-01-11 11:46:59] CREATE controlador/acao2.html: 0
[2023-01-11 11:47:30] EDIT projeto/views/controlador/acao2.html: -1
[2023-01-11 11:47:30] EDIT projeto/views/controlador/acao2.html: 0
[2023-01-11 11:56:04] CREATE modelo1.py: 0
[2023-01-11 11:56:27] CREATE modelo2.py: 0
[2023-01-11 11:57:30] EDIT projeto/models/modelo1.py: 1
[2023-01-11 12:00:01] EDIT projeto/controllers/controlador.py: -4
[2023-01-11 12:00:07] EDIT projeto/controllers/controlador.py: 1
[2023-01-11 12:02:22] EDIT projeto/models/modelo1.py: 1
[2023-01-11 12:02:34] EDIT projeto/models/modelo1.py: 0
[2023-01-11 12:02:45] EDIT projeto/models/modelo1.py: 0
[2023-01-11 12:02:53] EDIT projeto/models/modelo1.py: 0
[2023-01-11 12:03:27] EDIT projeto/models/modelo1.py: 0
[2023-01-11 12:04:14] EDIT projeto/models/modelo1.py: 2
[2023-01-11 12:04:21] EDIT projeto/models/modelo1.py: 0
[2023-01-11 12:05:06] EDIT projeto/models/modelo2.py: 3
[2023-01-11 12:05:23] EDIT projeto/models/modelo2.py: 0
[2023-01-11 12:06:53] EDIT projeto/models/modelo2.py: 3
[2023-01-11 12:07:19] EDIT projeto/models/modelo2.py: 0
[2023-01-11 12:07:38] EDIT projeto/models/modelo2.py: 0
[2023-01-11 12:08:02] EDIT projeto/models/modelo2.py: 1
[2023-01-11 12:10:24] DELETE projeto/views/controlador/acao2.html: -2
[2023-01-11 12:11:12] EDIT projeto/views/controlador/acao.html: -1
[2023-01-11 12:11:15] EDIT projeto/views/controlador/acao.html: -1
[2023-01-11 12:11:45] EDIT projeto/views/controlador/acao.html: 2
[2023-01-11 12:11:59] EDIT projeto/views/controlador/acao.html: -2
[2023-01-11 12:11:59] EDIT projeto/views/controlador/acao.html: 0
[2023-01-11 12:13:25] EDIT projeto/controllers/controlador.py: 3
[2023-01-11 12:14:03] EDIT projeto/controllers/controlador.py: 3
[2023-01-11 12:15:41] EDIT projeto/controllers/controlador.py: 1
[2023-01-11 12:15:44] EDIT projeto/controllers/controlador.py: 0
[2023-01-11 12:15:52] EDIT projeto/controllers/controlador.py: 0
[2023-01-11 12:18:05] EDIT projeto/views/controlador/acao.html: 7
[2023-01-11 12:18:25] EDIT projeto/views/controlador/acao.html: 1
[2023-01-11 12:19:09] EDIT projeto/views/controlador/acao.html: 1
[2023-01-11 12:19:32] EDIT projeto/views/controlador/acao.html: 1
[2023-01-11 12:19:42] EDIT projeto/views/controlador/acao.html: 1
[2023-01-11 12:20:40] EDIT projeto/views/controlador/acao.html: 6
[2023-01-11 12:20:57] EDIT projeto/views/controlador/acao.html: 0
[2023-01-11 12:21:18] EDIT projeto/views/controlador/acao.html: 1
[2023-01-11 12:21:56] EDIT projeto/views/controlador/acao.html: 1
[2023-01-11 12:22:46] EDIT projeto/views/controlador/acao.html: 1
[2023-01-11 12:24:14] EDIT projeto/views/controlador/acao.html: 2
[2023-01-11 12:24:20] EDIT projeto/views/controlador/acao.html: 0
[2023-01-11 12:24:59] EDIT projeto/views/controlador/acao.html: 1
